[INFO ] 2023-09-03 16:49:14.040 [main] TutorialApplication - Starting TutorialApplication using Java 11.0.18 on Sachith-Laptop with PID 17912 (C:\Users\Sachith Ariyathilaka\Downloads\tutorial\target\classes started by Sachith Ariyathilaka in C:\Users\Sachith Ariyathilaka\Downloads\tutorial)
[INFO ] 2023-09-03 16:49:14.051 [main] TutorialApplication - No active profile set, falling back to 1 default profile: "default"
[INFO ] 2023-09-03 16:49:15.016 [main] TomcatWebServer - Tomcat initialized with port(s): 8080 (http)
[INFO ] 2023-09-03 16:49:15.036 [main] Http11NioProtocol - Initializing ProtocolHandler ["http-nio-8080"]
[INFO ] 2023-09-03 16:49:15.040 [main] StandardService - Starting service [Tomcat]
[INFO ] 2023-09-03 16:49:15.040 [main] StandardEngine - Starting Servlet engine: [Apache Tomcat/9.0.79]
[INFO ] 2023-09-03 16:49:15.166 [main] [/] - Initializing Spring embedded WebApplicationContext
[INFO ] 2023-09-03 16:49:15.166 [main] ServletWebServerApplicationContext - Root WebApplicationContext: initialization completed in 1066 ms
[INFO ] 2023-09-03 16:49:15.523 [main] Http11NioProtocol - Starting ProtocolHandler ["http-nio-8080"]
[WARN ] 2023-09-03 16:49:15.528 [main] AnnotationConfigServletWebServerApplicationContext - Exception encountered during context initialization - cancelling refresh attempt: org.springframework.context.ApplicationContextException: Failed to start bean 'webServerStartStop'; nested exception is org.springframework.boot.web.server.PortInUseException: Port 8080 is already in use
[INFO ] 2023-09-03 16:49:15.531 [main] Http11NioProtocol - Pausing ProtocolHandler ["http-nio-8080"]
[INFO ] 2023-09-03 16:49:15.531 [main] StandardService - Stopping service [Tomcat]
[INFO ] 2023-09-03 16:49:15.539 [main] Http11NioProtocol - Stopping ProtocolHandler ["http-nio-8080"]
[INFO ] 2023-09-03 16:49:15.541 [main] Http11NioProtocol - Destroying ProtocolHandler ["http-nio-8080"]
[INFO ] 2023-09-03 16:49:15.547 [main] ConditionEvaluationReportLoggingListener - 

Error starting ApplicationContext. To display the conditions report re-run your application with 'debug' enabled.
[ERROR] 2023-09-03 16:49:15.563 [main] LoggingFailureAnalysisReporter - 

***************************
APPLICATION FAILED TO START
***************************

Description:

Web server failed to start. Port 8080 was already in use.

Action:

Identify and stop the process that's listening on port 8080 or configure this application to listen on another port.

[INFO ] 2023-09-03 16:49:41.465 [main] TutorialApplication - Starting TutorialApplication using Java 11.0.18 on Sachith-Laptop with PID 10964 (C:\Users\Sachith Ariyathilaka\Downloads\tutorial\target\classes started by Sachith Ariyathilaka in C:\Users\Sachith Ariyathilaka\Downloads\tutorial)
[INFO ] 2023-09-03 16:49:41.478 [main] TutorialApplication - No active profile set, falling back to 1 default profile: "default"
[INFO ] 2023-09-03 16:49:42.420 [main] TomcatWebServer - Tomcat initialized with port(s): 8099 (http)
[INFO ] 2023-09-03 16:49:42.441 [main] Http11NioProtocol - Initializing ProtocolHandler ["http-nio-8099"]
[INFO ] 2023-09-03 16:49:42.442 [main] StandardService - Starting service [Tomcat]
[INFO ] 2023-09-03 16:49:42.443 [main] StandardEngine - Starting Servlet engine: [Apache Tomcat/9.0.79]
[INFO ] 2023-09-03 16:49:42.565 [main] [/] - Initializing Spring embedded WebApplicationContext
[INFO ] 2023-09-03 16:49:42.566 [main] ServletWebServerApplicationContext - Root WebApplicationContext: initialization completed in 1036 ms
[INFO ] 2023-09-03 16:49:42.916 [main] Http11NioProtocol - Starting ProtocolHandler ["http-nio-8099"]
[INFO ] 2023-09-03 16:49:42.934 [main] TomcatWebServer - Tomcat started on port(s): 8099 (http) with context path ''
[INFO ] 2023-09-03 16:49:42.945 [main] TutorialApplication - Started TutorialApplication in 1.987 seconds (JVM running for 3.099)
